# JRE version: OpenJDK Runtime Environment (8.0_152-b01) (build 1.8.0_152-release-915-b01)
# Java VM: OpenJDK 64-Bit Server VM (25.152-b01 mixed mode linux-amd64 compressed oops)
Heap:
 PSYoungGen      total 230400K, used 112781K [0x0000000780000000, 0x0000000792b80000, 0x00000007c0000000)
  eden space 220160K, 46% used [0x0000000780000000,0x000000078646b640,0x000000078d700000)
  from space 10240K, 97% used [0x0000000792180000,0x0000000792b380a0,0x0000000792b80000)
  to   space 29184K, 0% used [0x000000078f280000,0x000000078f280000,0x0000000790f00000)
 ParOldGen       total 148992K, used 67560K [0x0000000700000000, 0x0000000709180000, 0x0000000780000000)
  object space 148992K, 45% used [0x0000000700000000,0x00000007041fa210,0x0000000709180000)
 Metaspace       used 74564K, capacity 81013K, committed 81280K, reserved 1120256K
  class space    used 9644K, capacity 11022K, committed 11136K, reserved 1048576K
GC Heap History (10 events):
Event: 2240,674 GC heap before
{Heap before GC invocations=23 (full 3):
 PSYoungGen      total 273408K, used 273272K [0x0000000780000000, 0x0000000795400000, 0x00000007c0000000)
  eden space 261632K, 100% used [0x0000000780000000,0x000000078ff80000,0x000000078ff80000)
  from space 11776K, 98% used [0x0000000793780000,0x00000007942de040,0x0000000794300000)
  to   space 17408K, 0% used [0x0000000794300000,0x0000000794300000,0x0000000795400000)
 ParOldGen       total 148992K, used 36249K [0x0000000700000000, 0x0000000709180000, 0x0000000780000000)
  object space 148992K, 24% used [0x0000000700000000,0x0000000702366590,0x0000000709180000)
 Metaspace       used 71287K, capacity 75877K, committed 76160K, reserved 1116160K
  class space    used 9170K, capacity 10266K, committed 10368K, reserved 1048576K
Event: 2240,739 GC heap after
Heap after GC invocations=23 (full 3):
 PSYoungGen      total 269824K, used 17386K [0x0000000780000000, 0x0000000795400000, 0x00000007c0000000)
  eden space 252416K, 0% used [0x0000000780000000,0x0000000780000000,0x000000078f680000)
  from space 17408K, 99% used [0x0000000794300000,0x00000007953fa830,0x0000000795400000)
  to   space 22016K, 0% used [0x0000000792900000,0x0000000792900000,0x0000000793e80000)
 ParOldGen       total 148992K, used 39953K [0x0000000700000000, 0x0000000709180000, 0x0000000780000000)
  object space 148992K, 26% used [0x0000000700000000,0x0000000702704778,0x0000000709180000)
 Metaspace       used 71287K, capacity 75877K, committed 76160K, reserved 1116160K
  class space    used 9170K, capacity 10266K, committed 10368K, reserved 1048576K
}
Event: 2251,934 GC heap before
{Heap before GC invocations=24 (full 3):
 PSYoungGen      total 269824K, used 269802K [0x0000000780000000, 0x0000000795400000, 0x00000007c0000000)
  eden space 252416K, 100% used [0x0000000780000000,0x000000078f680000,0x000000078f680000)
  from space 17408K, 99% used [0x0000000794300000,0x00000007953fa830,0x0000000795400000)
  to   space 22016K, 0% used [0x0000000792900000,0x0000000792900000,0x0000000793e80000)
 ParOldGen       total 148992K, used 39953K [0x0000000700000000, 0x0000000709180000, 0x0000000780000000)
  object space 148992K, 26% used [0x0000000700000000,0x0000000702704778,0x0000000709180000)
 Metaspace       used 72844K, capacity 77537K, committed 77824K, reserved 1116160K
  class space    used 9355K, capacity 10434K, committed 10496K, reserved 1048576K
Event: 2252,078 GC heap after
Heap after GC invocations=24 (full 3):
 PSYoungGen      total 265728K, used 21988K [0x0000000780000000, 0x0000000794380000, 0x00000007c0000000)
  eden space 243712K, 0% used [0x0000000780000000,0x0000000780000000,0x000000078ee00000)
  from space 22016K, 99% used [0x0000000792900000,0x0000000793e79270,0x0000000793e80000)
  to   space 5120K, 0% used [0x0000000793e80000,0x0000000793e80000,0x0000000794380000)
 ParOldGen       total 148992K, used 46048K [0x0000000700000000, 0x0000000709180000, 0x0000000780000000)
  object space 148992K, 30% used [0x0000000700000000,0x0000000702cf80f8,0x0000000709180000)
 Metaspace       used 72844K, capacity 77537K, committed 77824K, reserved 1116160K
  class space    used 9355K, capacity 10434K, committed 10496K, reserved 1048576K
}
Event: 2263,404 GC heap before
{Heap before GC invocations=25 (full 3):
 PSYoungGen      total 265728K, used 265700K [0x0000000780000000, 0x0000000794380000, 0x00000007c0000000)
  eden space 243712K, 100% used [0x0000000780000000,0x000000078ee00000,0x000000078ee00000)
  from space 22016K, 99% used [0x0000000792900000,0x0000000793e79270,0x0000000793e80000)
  to   space 5120K, 0% used [0x0000000793e80000,0x0000000793e80000,0x0000000794380000)
 ParOldGen       total 148992K, used 46048K [0x0000000700000000, 0x0000000709180000, 0x0000000780000000)
  object space 148992K, 30% used [0x0000000700000000,0x0000000702cf80f8,0x0000000709180000)
 Metaspace       used 73251K, capacity 78079K, committed 78208K, reserved 1116160K
  class space    used 9415K, capacity 10559K, committed 10624K, reserved 1048576K
Event: 2263,627 GC heap after
Heap after GC invocations=25 (full 3):
 PSYoungGen      total 240640K, used 5104K [0x0000000780000000, 0x0000000794380000, 0x00000007c0000000)
  eden space 235520K, 0% used [0x0000000780000000,0x0000000780000000,0x000000078e600000)
  from space 5120K, 99% used [0x0000000793e80000,0x000000079437c050,0x0000000794380000)
  to   space 30208K, 0% used [0x0000000790880000,0x0000000790880000,0x0000000792600000)
 ParOldGen       total 148992K, used 66528K [0x0000000700000000, 0x0000000709180000, 0x0000000780000000)
  object space 148992K, 44% used [0x0000000700000000,0x00000007040f8090,0x0000000709180000)
 Metaspace       used 73251K, capacity 78079K, committed 78208K, reserved 1116160K
  class space    used 9415K, capacity 10559K, committed 10624K, reserved 1048576K
}
Event: 2277,295 GC heap before
{Heap before GC invocations=26 (full 3):
 PSYoungGen      total 240640K, used 240624K [0x0000000780000000, 0x0000000794380000, 0x00000007c0000000)
  eden space 235520K, 100% used [0x0000000780000000,0x000000078e600000,0x000000078e600000)
  from space 5120K, 99% used [0x0000000793e80000,0x000000079437c050,0x0000000794380000)
  to   space 30208K, 0% used [0x0000000790880000,0x0000000790880000,0x0000000792600000)
 ParOldGen       total 148992K, used 66528K [0x0000000700000000, 0x0000000709180000, 0x0000000780000000)
  object space 148992K, 44% used [0x0000000700000000,0x00000007040f8090,0x0000000709180000)
 Metaspace       used 73400K, capacity 78221K, committed 78464K, reserved 1118208K
  class space    used 9416K, capacity 10560K, committed 10624K, reserved 1048576K
Event: 2277,327 GC heap after
Heap after GC invocations=26 (full 3):
 PSYoungGen      total 233984K, used 5904K [0x0000000780000000, 0x0000000793f00000, 0x00000007c0000000)
  eden space 227840K, 0% used [0x0000000780000000,0x0000000780000000,0x000000078de80000)
  from space 6144K, 96% used [0x0000000790880000,0x0000000790e440a0,0x0000000790e80000)
  to   space 30208K, 0% used [0x0000000792180000,0x0000000792180000,0x0000000793f00000)
 ParOldGen       total 148992K, used 67552K [0x0000000700000000, 0x0000000709180000, 0x0000000780000000)
  object space 148992K, 45% used [0x0000000700000000,0x00000007041f8210,0x0000000709180000)
 Metaspace       used 73400K, capacity 78221K, committed 78464K, reserved 1118208K
  class space    used 9416K, capacity 10560K, committed 10624K, reserved 1048576K
}
Event: 2493,025 GC heap before
{Heap before GC invocations=27 (full 3):
 PSYoungGen      total 233984K, used 233744K [0x0000000780000000, 0x0000000793f00000, 0x00000007c0000000)
  eden space 227840K, 100% used [0x0000000780000000,0x000000078de80000,0x000000078de80000)
  from space 6144K, 96% used [0x0000000790880000,0x0000000790e440a0,0x0000000790e80000)
  to   space 30208K, 0% used [0x0000000792180000,0x0000000792180000,0x0000000793f00000)
 ParOldGen       total 148992K, used 67552K [0x0000000700000000, 0x0000000709180000, 0x0000000780000000)
  object space 148992K, 45% used [0x0000000700000000,0x00000007041f8210,0x0000000709180000)
 Metaspace       used 74472K, capacity 80759K, committed 80896K, reserved 1120256K
  class space    used 9633K, capacity 10981K, committed 11008K, reserved 1048576K
Event: 2493,116 GC heap after
Heap after GC invocations=27 (full 3):
 PSYoungGen      total 230400K, used 9952K [0x0000000780000000, 0x0000000792b80000, 0x00000007c0000000)
  eden space 220160K, 0% used [0x0000000780000000,0x0000000780000000,0x000000078d700000)
  from space 10240K, 97% used [0x0000000792180000,0x0000000792b380a0,0x0000000792b80000)
  to   space 29184K, 0% used [0x000000078f280000,0x000000078f280000,0x0000000790f00000)
 ParOldGen       total 148992K, used 67560K [0x0000000700000000, 0x0000000709180000, 0x0000000780000000)
  object space 148992K, 45% used [0x0000000700000000,0x00000007041fa210,0x0000000709180000)
 Metaspace       used 74472K, capacity 80759K, committed 80896K, reserved 1120256K
  class space    used 9633K, capacity 10981K, committed 11008K, reserved 1048576K
}

